SF:c:\Users\erinn\source1\repos\cs330-course-registration-eszarek\courseproject\Program.cs
FN:10,System.Void cs330courses.Program::Main(System.String[])
FNDA:0,System.Void cs330courses.Program::Main(System.String[])
DA:11,0
DA:14,0
DA:16,0
DA:19,0
DA:20,0
DA:21,0
DA:23,0
DA:28,0
DA:29,0
DA:30,0
DA:31,0
DA:32,0
DA:35,0
DA:36,0
DA:37,0
DA:38,0
DA:39,0
DA:42,0
DA:43,0
DA:44,0
DA:45,0
DA:46,0
DA:71,0
DA:72,0
BRDA:20,324,1,0
BRDA:29,119,1,0
BRDA:29,119,0,0
BRDA:36,200,1,0
BRDA:36,200,0,0
BRDA:43,286,1,0
BRDA:43,286,0,0
BRDA:20,324,0,0
LF:24
LH:0
BRF:8
BRH:0
FNF:1
FNH:0
end_of_record
SF:c:\Users\erinn\source1\repos\cs330-course-registration-eszarek\courseproject\CoreGoal.cs
FN:8,System.String cs330_proj1.CoreGoal::get_Id()
FNDA:8,System.String cs330_proj1.CoreGoal::get_Id()
DA:9,8
FN:9,System.String cs330_proj1.CoreGoal::get_Name()
FNDA:4,System.String cs330_proj1.CoreGoal::get_Name()
DA:10,4
FN:10,System.String cs330_proj1.CoreGoal::get_Description()
FNDA:4,System.String cs330_proj1.CoreGoal::get_Description()
DA:11,4
FN:11,System.Collections.Generic.List`1<cs330_proj1.Course> cs330_proj1.CoreGoal::get_Courses()
FNDA:7,System.Collections.Generic.List`1<cs330_proj1.Course> cs330_proj1.CoreGoal::get_Courses()
DA:12,7
FN:14,System.String cs330_proj1.CoreGoal::ToString()
FNDA:0,System.String cs330_proj1.CoreGoal::ToString()
DA:15,0
DA:16,0
DA:17,0
DA:18,0
DA:19,0
DA:20,0
DA:22,0
BRDA:17,62,1,0
BRDA:17,62,0,0
FN:22,System.Int32 cs330_proj1.CoreGoal::CompareTo(cs330_proj1.CoreGoal)
FNDA:0,System.Int32 cs330_proj1.CoreGoal::CompareTo(cs330_proj1.CoreGoal)
DA:23,0
DA:24,0
DA:25,0
LF:14
LH:4
BRF:2
BRH:0
FNF:6
FNH:4
end_of_record
SF:c:\Users\erinn\source1\repos\cs330-course-registration-eszarek\courseproject\Course.cs
FN:6,System.String cs330_proj1.Course::get_Name()
FNDA:63,System.String cs330_proj1.Course::get_Name()
DA:7,63
FN:7,System.String cs330_proj1.Course::get_Title()
FNDA:36,System.String cs330_proj1.Course::get_Title()
DA:8,36
FN:8,System.Double cs330_proj1.Course::get_Credits()
FNDA:36,System.Double cs330_proj1.Course::get_Credits()
DA:9,36
FN:9,System.String cs330_proj1.Course::get_Description()
FNDA:36,System.String cs330_proj1.Course::get_Description()
DA:10,36
FN:10,System.String cs330_proj1.Course::get_Department()
FNDA:25,System.String cs330_proj1.Course::get_Department()
DA:11,25
FN:12,System.String cs330_proj1.Course::ToString()
FNDA:0,System.String cs330_proj1.Course::ToString()
DA:13,0
DA:14,0
DA:16,0
FN:16,System.Int32 cs330_proj1.Course::CompareTo(cs330_proj1.Course)
FNDA:0,System.Int32 cs330_proj1.Course::CompareTo(cs330_proj1.Course)
DA:17,0
DA:18,0
DA:19,0
FN:20,System.Boolean cs330_proj1.Course::Equals(System.Object)
FNDA:5,System.Boolean cs330_proj1.Course::Equals(System.Object)
DA:21,5
DA:22,5
DA:24,5
DA:25,5
DA:26,5
BRDA:24,9,0,5
BRDA:24,9,1,0
FN:27,System.Int32 cs330_proj1.Course::GetHashCode()
FNDA:0,System.Int32 cs330_proj1.Course::GetHashCode()
DA:28,0
DA:29,0
DA:30,0
LF:19
LH:10
BRF:2
BRH:1
FNF:9
FNH:6
end_of_record
SF:c:\Users\erinn\source1\repos\cs330-course-registration-eszarek\courseproject\CourseOffering.cs
FN:6,cs330_proj1.Course cs330_proj1.CourseOffering::get_TheCourse()
FNDA:27,cs330_proj1.Course cs330_proj1.CourseOffering::get_TheCourse()
DA:7,27
FN:7,System.String cs330_proj1.CourseOffering::get_Semester()
FNDA:28,System.String cs330_proj1.CourseOffering::get_Semester()
DA:8,28
FN:8,System.String cs330_proj1.CourseOffering::get_Section()
FNDA:14,System.String cs330_proj1.CourseOffering::get_Section()
DA:9,14
FN:9,System.String cs330_proj1.CourseOffering::get_Department()
FNDA:6,System.String cs330_proj1.CourseOffering::get_Department()
DA:10,6
FN:12,System.String cs330_proj1.CourseOffering::ToString()
FNDA:0,System.String cs330_proj1.CourseOffering::ToString()
DA:13,0
DA:14,0
DA:16,0
FN:16,System.Int32 cs330_proj1.CourseOffering::CompareTo(cs330_proj1.CourseOffering)
FNDA:0,System.Int32 cs330_proj1.CourseOffering::CompareTo(cs330_proj1.CourseOffering)
DA:17,0
DA:18,0
DA:19,0
LF:10
LH:4
BRF:0
BRH:0
FNF:6
FNH:4
end_of_record
SF:c:\Users\erinn\source1\repos\cs330-course-registration-eszarek\courseproject\CourseRepository.cs
FN:11,System.Collections.Generic.List`1<cs330_proj1.Course> cs330_proj1.CourseRepository::get_Courses()
FNDA:0,System.Collections.Generic.List`1<cs330_proj1.Course> cs330_proj1.CourseRepository::get_Courses()
DA:12,0
FN:12,System.Collections.Generic.List`1<cs330_proj1.CoreGoal> cs330_proj1.CourseRepository::get_Goals()
FNDA:0,System.Collections.Generic.List`1<cs330_proj1.CoreGoal> cs330_proj1.CourseRepository::get_Goals()
DA:13,0
FN:13,System.Collections.Generic.List`1<cs330_proj1.CourseOffering> cs330_proj1.CourseRepository::get_Offerings()
FNDA:0,System.Collections.Generic.List`1<cs330_proj1.CourseOffering> cs330_proj1.CourseRepository::get_Offerings()
DA:14,0
FN:130,System.Collections.Generic.List`1<cs330_proj1.CourseOffering> cs330_proj1.CourseRepository::getOfferingsByGoalIdAndSemester(System.String,System.String)
FNDA:0,System.Collections.Generic.List`1<cs330_proj1.CourseOffering> cs330_proj1.CourseRepository::getOfferingsByGoalIdAndSemester(System.String,System.String)
DA:131,0
DA:132,0
DA:133,0
DA:134,0
DA:135,0
DA:138,0
DA:139,0
DA:141,0
DA:143,0
DA:144,0
DA:145,0
DA:146,0
DA:150,0
DA:151,0
DA:152,0
BRDA:133,58,1,0
BRDA:134,43,0,0
BRDA:134,43,1,0
BRDA:133,58,0,0
BRDA:139,85,0,0
BRDA:139,85,1,0
BRDA:143,191,1,0
BRDA:144,143,0,0
BRDA:144,143,1,0
BRDA:144,170,0,0
BRDA:144,170,1,0
BRDA:143,191,0,0
FN:16,System.Void cs330_proj1.CourseRepository::.ctor()
FNDA:0,System.Void cs330_proj1.CourseRepository::.ctor()
DA:17,0
DA:18,0
DA:19,0
DA:20,0
DA:22,0
DA:23,0
DA:24,0
DA:25,0
DA:26,0
DA:27,0
DA:28,0
DA:29,0
DA:30,0
DA:31,0
DA:32,0
DA:33,0
DA:34,0
DA:35,0
DA:36,0
DA:37,0
DA:38,0
DA:39,0
DA:40,0
DA:41,0
DA:42,0
DA:43,0
DA:44,0
DA:45,0
DA:46,0
DA:47,0
DA:48,0
DA:49,0
DA:50,0
DA:51,0
DA:52,0
DA:53,0
DA:54,0
DA:55,0
DA:56,0
DA:57,0
DA:58,0
DA:59,0
DA:60,0
DA:61,0
DA:62,0
DA:63,0
DA:64,0
DA:65,0
DA:66,0
DA:67,0
DA:68,0
DA:69,0
DA:70,0
DA:71,0
DA:72,0
DA:73,0
DA:74,0
DA:75,0
DA:76,0
DA:77,0
DA:78,0
DA:79,0
DA:80,0
DA:81,0
DA:82,0
DA:83,0
DA:84,0
DA:85,0
DA:86,0
DA:87,0
DA:88,0
DA:89,0
DA:90,0
DA:91,0
DA:92,0
DA:93,0
DA:94,0
DA:95,0
DA:96,0
DA:97,0
DA:98,0
DA:99,0
DA:100,0
DA:101,0
DA:102,0
DA:103,0
DA:104,0
DA:105,0
DA:106,0
DA:107,0
DA:108,0
DA:109,0
DA:110,0
DA:111,0
DA:112,0
DA:113,0
DA:114,0
DA:115,0
DA:116,0
DA:117,0
DA:118,0
DA:119,0
DA:120,0
DA:121,0
DA:122,0
DA:123,0
DA:124,0
DA:125,0
DA:126,0
DA:127,0
DA:128,0
LF:129
LH:0
BRF:12
BRH:0
FNF:5
FNH:0
end_of_record
SF:c:\Users\erinn\source1\repos\cs330-course-registration-eszarek\courseproject\CourseServices.cs
FN:14,System.Collections.Generic.List`1<cs330_proj1.CourseOffering> cs330_proj1.CourseServices::GetOfferingsByGoalIdAndSemester(System.String,System.String)
FNDA:4,System.Collections.Generic.List`1<cs330_proj1.CourseOffering> cs330_proj1.CourseServices::GetOfferingsByGoalIdAndSemester(System.String,System.String)
DA:15,4
DA:17,4
DA:18,4
DA:19,4
DA:20,20
DA:21,7
DA:22,3
DA:23,3
DA:25,2
DA:28,3
DA:30,18
DA:31,3
DA:32,3
DA:33,3
DA:34,3
DA:35,3
DA:37,3
DA:38,6
BRDA:20,102,1,4
BRDA:21,65,0,3
BRDA:21,65,1,1
BRDA:25,81,0,1
BRDA:25,81,1,0
BRDA:20,102,0,3
BRDA:30,209,1,3
BRDA:31,161,0,3
BRDA:31,161,1,0
BRDA:31,188,0,3
BRDA:31,188,1,3
BRDA:30,209,0,3
FN:43,System.Collections.Generic.List`1<cs330_proj1.Course> cs330_proj1.CourseServices::GetCourses()
FNDA:2,System.Collections.Generic.List`1<cs330_proj1.Course> cs330_proj1.CourseServices::GetCourses()
DA:44,2
DA:45,2
DA:46,2
DA:47,2
FN:52,System.Collections.Generic.List`1<cs330_proj1.CourseOffering> cs330_proj1.CourseServices::GetCourseOfferingsBySemester(System.String)
FNDA:2,System.Collections.Generic.List`1<cs330_proj1.CourseOffering> cs330_proj1.CourseServices::GetCourseOfferingsBySemester(System.String)
DA:53,2
DA:54,2
DA:56,2
DA:58,24
DA:59,9
DA:60,3
DA:61,3
DA:62,6
DA:63,4
BRDA:58,74,1,6
BRDA:59,54,0,3
BRDA:59,54,1,6
BRDA:58,74,0,2
FN:66,System.Collections.Generic.List`1<cs330_proj1.CourseOffering> cs330_proj1.CourseServices::GetCourseOfferingsBySemesterAndDept(System.String,System.String)
FNDA:2,System.Collections.Generic.List`1<cs330_proj1.CourseOffering> cs330_proj1.CourseServices::GetCourseOfferingsBySemesterAndDept(System.String,System.String)
DA:67,2
DA:68,2
DA:70,2
DA:71,2
DA:72,18
DA:73,6
DA:74,4
DA:75,4
DA:76,12
DA:77,4
DA:78,4
DA:79,2
DA:80,2
DA:81,2
BRDA:72,83,1,4
BRDA:73,62,0,2
BRDA:73,62,1,4
BRDA:72,83,0,2
BRDA:76,161,1,2
BRDA:77,140,0,2
BRDA:77,140,1,2
BRDA:76,161,0,2
FN:10,System.Void cs330_proj1.CourseServices::.ctor(cs330_proj1.ICourseRepository)
FNDA:20,System.Void cs330_proj1.CourseServices::.ctor(cs330_proj1.ICourseRepository)
DA:11,20
DA:12,10
DA:13,10
LF:48
LH:48
BRF:24
BRH:22
FNF:5
FNH:5
end_of_record